# JRE version: Java(TM) SE Runtime Environment (8.0_45-b14) (build 1.8.0_45-b14)
# Java VM: Java HotSpot(TM) 64-Bit Server VM (25.45-b02 mixed mode windows-amd64 compressed oops)
Heap:
 PSYoungGen      total 98816K, used 57873K [0x00000000eab00000, 0x00000000f2800000, 0x0000000100000000)
  eden space 87040K, 62% used [0x00000000eab00000,0x00000000ee05f3b0,0x00000000f0000000)
  from space 11776K, 27% used [0x00000000f0b00000,0x00000000f0e25278,0x00000000f1680000)
  to   space 11264K, 0% used [0x00000000f0000000,0x00000000f0000000,0x00000000f0b00000)
 ParOldGen       total 64000K, used 15460K [0x00000000c0000000, 0x00000000c3e80000, 0x00000000eab00000)
  object space 64000K, 24% used [0x00000000c0000000,0x00000000c0f19308,0x00000000c3e80000)
 Metaspace       used 30910K, capacity 32214K, committed 32512K, reserved 1077248K
  class space    used 4048K, capacity 4562K, committed 4608K, reserved 1048576K
GC Heap History (10 events):
Event: 18.274 GC heap before
{Heap before GC invocations=10 (full 1):
 PSYoungGen      total 79872K, used 70312K [0x00000000eab00000, 0x00000000f0680000, 0x0000000100000000)
  eden space 68608K, 100% used [0x00000000eab00000,0x00000000eee00000,0x00000000eee00000)
  from space 11264K, 15% used [0x00000000ef900000,0x00000000efaaa120,0x00000000f0400000)
  to   space 11264K, 0% used [0x00000000eee00000,0x00000000eee00000,0x00000000ef900000)
 ParOldGen       total 64000K, used 7914K [0x00000000c0000000, 0x00000000c3e80000, 0x00000000eab00000)
  object space 64000K, 12% used [0x00000000c0000000,0x00000000c07ba918,0x00000000c3e80000)
 Metaspace       used 22221K, capacity 22742K, committed 22912K, reserved 1069056K
  class space    used 2937K, capacity 3110K, committed 3200K, reserved 1048576K
Event: 18.281 GC heap after
Heap after GC invocations=10 (full 1):
 PSYoungGen      total 79872K, used 1896K [0x00000000eab00000, 0x00000000f1680000, 0x0000000100000000)
  eden space 68608K, 0% used [0x00000000eab00000,0x00000000eab00000,0x00000000eee00000)
  from space 11264K, 16% used [0x00000000eee00000,0x00000000eefda120,0x00000000ef900000)
  to   space 10752K, 0% used [0x00000000f0c00000,0x00000000f0c00000,0x00000000f1680000)
 ParOldGen       total 64000K, used 7922K [0x00000000c0000000, 0x00000000c3e80000, 0x00000000eab00000)
  object space 64000K, 12% used [0x00000000c0000000,0x00000000c07bc918,0x00000000c3e80000)
 Metaspace       used 22221K, capacity 22742K, committed 22912K, reserved 1069056K
  class space    used 2937K, capacity 3110K, committed 3200K, reserved 1048576K
}
Event: 20.317 GC heap before
{Heap before GC invocations=11 (full 1):
 PSYoungGen      total 79872K, used 70504K [0x00000000eab00000, 0x00000000f1680000, 0x0000000100000000)
  eden space 68608K, 100% used [0x00000000eab00000,0x00000000eee00000,0x00000000eee00000)
  from space 11264K, 16% used [0x00000000eee00000,0x00000000eefda120,0x00000000ef900000)
  to   space 10752K, 0% used [0x00000000f0c00000,0x00000000f0c00000,0x00000000f1680000)
 ParOldGen       total 64000K, used 7922K [0x00000000c0000000, 0x00000000c3e80000, 0x00000000eab00000)
  object space 64000K, 12% used [0x00000000c0000000,0x00000000c07bc918,0x00000000c3e80000)
 Metaspace       used 22222K, capacity 22742K, committed 22912K, reserved 1069056K
  class space    used 2938K, capacity 3110K, committed 3200K, reserved 1048576K
Event: 20.324 GC heap after
Heap after GC invocations=11 (full 1):
 PSYoungGen      total 95232K, used 2356K [0x00000000eab00000, 0x00000000f1480000, 0x0000000100000000)
  eden space 86528K, 0% used [0x00000000eab00000,0x00000000eab00000,0x00000000eff80000)
  from space 8704K, 27% used [0x00000000f0c00000,0x00000000f0e4d110,0x00000000f1480000)
  to   space 10752K, 0% used [0x00000000eff80000,0x00000000eff80000,0x00000000f0a00000)
 ParOldGen       total 64000K, used 7922K [0x00000000c0000000, 0x00000000c3e80000, 0x00000000eab00000)
  object space 64000K, 12% used [0x00000000c0000000,0x00000000c07bc918,0x00000000c3e80000)
 Metaspace       used 22222K, capacity 22742K, committed 22912K, reserved 1069056K
  class space    used 2938K, capacity 3110K, committed 3200K, reserved 1048576K
}
Event: 23.327 GC heap before
{Heap before GC invocations=12 (full 1):
 PSYoungGen      total 95232K, used 83010K [0x00000000eab00000, 0x00000000f1480000, 0x0000000100000000)
  eden space 86528K, 93% used [0x00000000eab00000,0x00000000ef9c36f0,0x00000000eff80000)
  from space 8704K, 27% used [0x00000000f0c00000,0x00000000f0e4d110,0x00000000f1480000)
  to   space 10752K, 0% used [0x00000000eff80000,0x00000000eff80000,0x00000000f0a00000)
 ParOldGen       total 64000K, used 7922K [0x00000000c0000000, 0x00000000c3e80000, 0x00000000eab00000)
  object space 64000K, 12% used [0x00000000c0000000,0x00000000c07bc918,0x00000000c3e80000)
 Metaspace       used 25492K, capacity 26154K, committed 26496K, reserved 1073152K
  class space    used 3372K, capacity 3624K, committed 3712K, reserved 1048576K
Event: 23.358 GC heap after
Heap after GC invocations=12 (full 1):
 PSYoungGen      total 97280K, used 9401K [0x00000000eab00000, 0x00000000f1680000, 0x0000000100000000)
  eden space 86528K, 0% used [0x00000000eab00000,0x00000000eab00000,0x00000000eff80000)
  from space 10752K, 87% used [0x00000000eff80000,0x00000000f08ae450,0x00000000f0a00000)
  to   space 11776K, 0% used [0x00000000f0b00000,0x00000000f0b00000,0x00000000f1680000)
 ParOldGen       total 64000K, used 7930K [0x00000000c0000000, 0x00000000c3e80000, 0x00000000eab00000)
  object space 64000K, 12% used [0x00000000c0000000,0x00000000c07be918,0x00000000c3e80000)
 Metaspace       used 25492K, capacity 26154K, committed 26496K, reserved 1073152K
  class space    used 3372K, capacity 3624K, committed 3712K, reserved 1048576K
}
Event: 23.358 GC heap before
{Heap before GC invocations=13 (full 2):
 PSYoungGen      total 97280K, used 9401K [0x00000000eab00000, 0x00000000f1680000, 0x0000000100000000)
  eden space 86528K, 0% used [0x00000000eab00000,0x00000000eab00000,0x00000000eff80000)
  from space 10752K, 87% used [0x00000000eff80000,0x00000000f08ae450,0x00000000f0a00000)
  to   space 11776K, 0% used [0x00000000f0b00000,0x00000000f0b00000,0x00000000f1680000)
 ParOldGen       total 64000K, used 7930K [0x00000000c0000000, 0x00000000c3e80000, 0x00000000eab00000)
  object space 64000K, 12% used [0x00000000c0000000,0x00000000c07be918,0x00000000c3e80000)
 Metaspace       used 25492K, capacity 26154K, committed 26496K, reserved 1073152K
  class space    used 3372K, capacity 3624K, committed 3712K, reserved 1048576K
Event: 23.504 GC heap after
Heap after GC invocations=13 (full 2):
 PSYoungGen      total 97280K, used 0K [0x00000000eab00000, 0x00000000f1680000, 0x0000000100000000)
  eden space 86528K, 0% used [0x00000000eab00000,0x00000000eab00000,0x00000000eff80000)
  from space 10752K, 0% used [0x00000000eff80000,0x00000000eff80000,0x00000000f0a00000)
  to   space 11776K, 0% used [0x00000000f0b00000,0x00000000f0b00000,0x00000000f1680000)
 ParOldGen       total 64000K, used 15452K [0x00000000c0000000, 0x00000000c3e80000, 0x00000000eab00000)
  object space 64000K, 24% used [0x00000000c0000000,0x00000000c0f17308,0x00000000c3e80000)
 Metaspace       used 25458K, capacity 26040K, committed 26496K, reserved 1073152K
  class space    used 3366K, capacity 3590K, committed 3712K, reserved 1048576K
}
Event: 56.586 GC heap before
{Heap before GC invocations=14 (full 2):
 PSYoungGen      total 97280K, used 86528K [0x00000000eab00000, 0x00000000f1680000, 0x0000000100000000)
  eden space 86528K, 100% used [0x00000000eab00000,0x00000000eff80000,0x00000000eff80000)
  from space 10752K, 0% used [0x00000000eff80000,0x00000000eff80000,0x00000000f0a00000)
  to   space 11776K, 0% used [0x00000000f0b00000,0x00000000f0b00000,0x00000000f1680000)
 ParOldGen       total 64000K, used 15452K [0x00000000c0000000, 0x00000000c3e80000, 0x00000000eab00000)
  object space 64000K, 24% used [0x00000000c0000000,0x00000000c0f17308,0x00000000c3e80000)
 Metaspace       used 27388K, capacity 28548K, committed 28672K, reserved 1073152K
  class space    used 3641K, capacity 4095K, committed 4096K, reserved 1048576K
Event: 56.599 GC heap after
Heap after GC invocations=14 (full 2):
 PSYoungGen      total 98816K, used 3220K [0x00000000eab00000, 0x00000000f2800000, 0x0000000100000000)
  eden space 87040K, 0% used [0x00000000eab00000,0x00000000eab00000,0x00000000f0000000)
  from space 11776K, 27% used [0x00000000f0b00000,0x00000000f0e25278,0x00000000f1680000)
  to   space 11264K, 0% used [0x00000000f0000000,0x00000000f0000000,0x00000000f0b00000)
 ParOldGen       total 64000K, used 15460K [0x00000000c0000000, 0x00000000c3e80000, 0x00000000eab00000)
  object space 64000K, 24% used [0x00000000c0000000,0x00000000c0f19308,0x00000000c3e80000)
 Metaspace       used 27388K, capacity 28548K, committed 28672K, reserved 1073152K
  class space    used 3641K, capacity 4095K, committed 4096K, reserved 1048576K
}

